# JRE version: OpenJDK Runtime Environment (8.0_152-b01) (build 1.8.0_152-release-915-b01)
# Java VM: OpenJDK 64-Bit Server VM (25.152-b01 mixed mode windows-amd64 compressed oops)
Heap:
 PSYoungGen      total 106496K, used 47045K [0x00000000e0000000, 0x00000000e8480000, 0x0000000100000000)
  eden space 95232K, 37% used [0x00000000e0000000,0x00000000e22f1be0,0x00000000e5d00000)
  from space 11264K, 99% used [0x00000000e5d00000,0x00000000e67ff9a8,0x00000000e6800000)
  to   space 14848K, 0% used [0x00000000e7600000,0x00000000e7600000,0x00000000e8480000)
 ParOldGen       total 77824K, used 29791K [0x00000000a0000000, 0x00000000a4c00000, 0x00000000e0000000)
  object space 77824K, 38% used [0x00000000a0000000,0x00000000a1d17d68,0x00000000a4c00000)
 Metaspace       used 55417K, capacity 57102K, committed 57176K, reserved 1099776K
  class space    used 7381K, capacity 7800K, committed 7808K, reserved 1048576K
GC Heap History (10 events):
Event: 11.691 GC heap before
{Heap before GC invocations=15 (full 2):
 PSYoungGen      total 79872K, used 71168K [0x00000000e0000000, 0x00000000e5880000, 0x0000000100000000)
  eden space 71168K, 100% used [0x00000000e0000000,0x00000000e4580000,0x00000000e4580000)
  from space 8704K, 0% used [0x00000000e4e80000,0x00000000e4e80000,0x00000000e5700000)
  to   space 9216K, 0% used [0x00000000e4580000,0x00000000e4580000,0x00000000e4e80000)
 ParOldGen       total 77824K, used 13949K [0x00000000a0000000, 0x00000000a4c00000, 0x00000000e0000000)
  object space 77824K, 17% used [0x00000000a0000000,0x00000000a0d9f680,0x00000000a4c00000)
 Metaspace       used 39800K, capacity 40458K, committed 40920K, reserved 1085440K
  class space    used 5294K, capacity 5543K, committed 5632K, reserved 1048576K
Event: 11.705 GC heap after
Heap after GC invocations=15 (full 2):
 PSYoungGen      total 80384K, used 6229K [0x00000000e0000000, 0x00000000e6380000, 0x0000000100000000)
  eden space 71168K, 0% used [0x00000000e0000000,0x00000000e0000000,0x00000000e4580000)
  from space 9216K, 67% used [0x00000000e4580000,0x00000000e4b956c8,0x00000000e4e80000)
  to   space 9216K, 0% used [0x00000000e5a80000,0x00000000e5a80000,0x00000000e6380000)
 ParOldGen       total 77824K, used 13957K [0x00000000a0000000, 0x00000000a4c00000, 0x00000000e0000000)
  object space 77824K, 17% used [0x00000000a0000000,0x00000000a0da1680,0x00000000a4c00000)
 Metaspace       used 39800K, capacity 40458K, committed 40920K, reserved 1085440K
  class space    used 5294K, capacity 5543K, committed 5632K, reserved 1048576K
}
Event: 14.070 GC heap before
{Heap before GC invocations=16 (full 2):
 PSYoungGen      total 80384K, used 77397K [0x00000000e0000000, 0x00000000e6380000, 0x0000000100000000)
  eden space 71168K, 100% used [0x00000000e0000000,0x00000000e4580000,0x00000000e4580000)
  from space 9216K, 67% used [0x00000000e4580000,0x00000000e4b956c8,0x00000000e4e80000)
  to   space 9216K, 0% used [0x00000000e5a80000,0x00000000e5a80000,0x00000000e6380000)
 ParOldGen       total 77824K, used 13957K [0x00000000a0000000, 0x00000000a4c00000, 0x00000000e0000000)
  object space 77824K, 17% used [0x00000000a0000000,0x00000000a0da1680,0x00000000a4c00000)
 Metaspace       used 43784K, capacity 44662K, committed 44888K, reserved 1087488K
  class space    used 5903K, capacity 6228K, committed 6272K, reserved 1048576K
Event: 14.101 GC heap after
Heap after GC invocations=16 (full 2):
 PSYoungGen      total 90624K, used 9212K [0x00000000e0000000, 0x00000000e6800000, 0x0000000100000000)
  eden space 81408K, 0% used [0x00000000e0000000,0x00000000e0000000,0x00000000e4f80000)
  from space 9216K, 99% used [0x00000000e5a80000,0x00000000e637f2e0,0x00000000e6380000)
  to   space 11264K, 0% used [0x00000000e4f80000,0x00000000e4f80000,0x00000000e5a80000)
 ParOldGen       total 77824K, used 15850K [0x00000000a0000000, 0x00000000a4c00000, 0x00000000e0000000)
  object space 77824K, 20% used [0x00000000a0000000,0x00000000a0f7a880,0x00000000a4c00000)
 Metaspace       used 43784K, capacity 44662K, committed 44888K, reserved 1087488K
  class space    used 5903K, capacity 6228K, committed 6272K, reserved 1048576K
}
Event: 15.421 GC heap before
{Heap before GC invocations=17 (full 2):
 PSYoungGen      total 90624K, used 90620K [0x00000000e0000000, 0x00000000e6800000, 0x0000000100000000)
  eden space 81408K, 100% used [0x00000000e0000000,0x00000000e4f80000,0x00000000e4f80000)
  from space 9216K, 99% used [0x00000000e5a80000,0x00000000e637f2e0,0x00000000e6380000)
  to   space 11264K, 0% used [0x00000000e4f80000,0x00000000e4f80000,0x00000000e5a80000)
 ParOldGen       total 77824K, used 15850K [0x00000000a0000000, 0x00000000a4c00000, 0x00000000e0000000)
  object space 77824K, 20% used [0x00000000a0000000,0x00000000a0f7a880,0x00000000a4c00000)
 Metaspace       used 46323K, capacity 47228K, committed 47448K, reserved 1089536K
  class space    used 6163K, capacity 6471K, committed 6528K, reserved 1048576K
Event: 15.436 GC heap after
Heap after GC invocations=17 (full 2):
 PSYoungGen      total 92672K, used 3994K [0x00000000e0000000, 0x00000000e7280000, 0x0000000100000000)
  eden space 81408K, 0% used [0x00000000e0000000,0x00000000e0000000,0x00000000e4f80000)
  from space 11264K, 35% used [0x00000000e4f80000,0x00000000e5366898,0x00000000e5a80000)
  to   space 10752K, 0% used [0x00000000e6800000,0x00000000e6800000,0x00000000e7280000)
 ParOldGen       total 77824K, used 25023K [0x00000000a0000000, 0x00000000a4c00000, 0x00000000e0000000)
  object space 77824K, 32% used [0x00000000a0000000,0x00000000a186fdf8,0x00000000a4c00000)
 Metaspace       used 46323K, capacity 47228K, committed 47448K, reserved 1089536K
  class space    used 6163K, capacity 6471K, committed 6528K, reserved 1048576K
}
Event: 16.826 GC heap before
{Heap before GC invocations=18 (full 2):
 PSYoungGen      total 92672K, used 85402K [0x00000000e0000000, 0x00000000e7280000, 0x0000000100000000)
  eden space 81408K, 100% used [0x00000000e0000000,0x00000000e4f80000,0x00000000e4f80000)
  from space 11264K, 35% used [0x00000000e4f80000,0x00000000e5366898,0x00000000e5a80000)
  to   space 10752K, 0% used [0x00000000e6800000,0x00000000e6800000,0x00000000e7280000)
 ParOldGen       total 77824K, used 25023K [0x00000000a0000000, 0x00000000a4c00000, 0x00000000e0000000)
  object space 77824K, 32% used [0x00000000a0000000,0x00000000a186fdf8,0x00000000a4c00000)
 Metaspace       used 50955K, capacity 52490K, committed 52568K, reserved 1095680K
  class space    used 6856K, capacity 7262K, committed 7296K, reserved 1048576K
Event: 16.837 GC heap after
Heap after GC invocations=18 (full 2):
 PSYoungGen      total 105984K, used 7907K [0x00000000e0000000, 0x00000000e7300000, 0x0000000100000000)
  eden space 95232K, 0% used [0x00000000e0000000,0x00000000e0000000,0x00000000e5d00000)
  from space 10752K, 73% used [0x00000000e6800000,0x00000000e6fb8c50,0x00000000e7280000)
  to   space 11264K, 0% used [0x00000000e5d00000,0x00000000e5d00000,0x00000000e6800000)
 ParOldGen       total 77824K, used 25031K [0x00000000a0000000, 0x00000000a4c00000, 0x00000000e0000000)
  object space 77824K, 32% used [0x00000000a0000000,0x00000000a1871df8,0x00000000a4c00000)
 Metaspace       used 50955K, capacity 52490K, committed 52568K, reserved 1095680K
  class space    used 6856K, capacity 7262K, committed 7296K, reserved 1048576K
}
Event: 19.592 GC heap before
{Heap before GC invocations=19 (full 2):
 PSYoungGen      total 105984K, used 103139K [0x00000000e0000000, 0x00000000e7300000, 0x0000000100000000)
  eden space 95232K, 100% used [0x00000000e0000000,0x00000000e5d00000,0x00000000e5d00000)
  from space 10752K, 73% used [0x00000000e6800000,0x00000000e6fb8c50,0x00000000e7280000)
  to   space 11264K, 0% used [0x00000000e5d00000,0x00000000e5d00000,0x00000000e6800000)
 ParOldGen       total 77824K, used 25031K [0x00000000a0000000, 0x00000000a4c00000, 0x00000000e0000000)
  object space 77824K, 32% used [0x00000000a0000000,0x00000000a1871df8,0x00000000a4c00000)
 Metaspace       used 54094K, capacity 55794K, committed 56152K, reserved 1097728K
  class space    used 7257K, capacity 7682K, committed 7808K, reserved 1048576K
Event: 19.619 GC heap after
Heap after GC invocations=19 (full 2):
 PSYoungGen      total 106496K, used 11262K [0x00000000e0000000, 0x00000000e8480000, 0x0000000100000000)
  eden space 95232K, 0% used [0x00000000e0000000,0x00000000e0000000,0x00000000e5d00000)
  from space 11264K, 99% used [0x00000000e5d00000,0x00000000e67ff9a8,0x00000000e6800000)
  to   space 14848K, 0% used [0x00000000e7600000,0x00000000e7600000,0x00000000e8480000)
 ParOldGen       total 77824K, used 29791K [0x00000000a0000000, 0x00000000a4c00000, 0x00000000e0000000)
  object space 77824K, 38% used [0x00000000a0000000,0x00000000a1d17d68,0x00000000a4c00000)
 Metaspace       used 54094K, capacity 55794K, committed 56152K, reserved 1097728K
  class space    used 7257K, capacity 7682K, committed 7808K, reserved 1048576K
}

